c:\users\olegg\source\repos\dietapp\dietapp\x64\release\vc142.pdb
c:\users\olegg\source\repos\dietapp\dietapp\x64\release\.netframework,version=v4.7.2.assemblyattributes.obj
c:\users\olegg\source\repos\dietapp\dietapp\x64\release\dietapp.obj
c:\users\olegg\source\repos\dietapp\x64\release\dietapp.pdb
c:\users\olegg\source\repos\dietapp\dietapp\x64\release\dietapp.tlog\cl.command.1.tlog
c:\users\olegg\source\repos\dietapp\dietapp\x64\release\dietapp.tlog\cl.read.1.tlog
c:\users\olegg\source\repos\dietapp\dietapp\x64\release\dietapp.tlog\cl.write.1.tlog
c:\users\olegg\source\repos\dietapp\dietapp\x64\release\dietapp.tlog\link.17456-cvtres.read.1.tlog
c:\users\olegg\source\repos\dietapp\dietapp\x64\release\dietapp.tlog\link.17456-cvtres.write.1.tlog
c:\users\olegg\source\repos\dietapp\dietapp\x64\release\dietapp.tlog\link.17456-rc.read.1.tlog
c:\users\olegg\source\repos\dietapp\dietapp\x64\release\dietapp.tlog\link.17456-rc.write.1.tlog
c:\users\olegg\source\repos\dietapp\dietapp\x64\release\dietapp.tlog\link.17456.read.1.tlog
c:\users\olegg\source\repos\dietapp\dietapp\x64\release\dietapp.tlog\link.17456.write.1.tlog
c:\users\olegg\source\repos\dietapp\dietapp\x64\release\dietapp.tlog\link.8716-cvtres.read.1.tlog
c:\users\olegg\source\repos\dietapp\dietapp\x64\release\dietapp.tlog\link.8716-cvtres.write.1.tlog
c:\users\olegg\source\repos\dietapp\dietapp\x64\release\dietapp.tlog\link.8716-rc.read.1.tlog
c:\users\olegg\source\repos\dietapp\dietapp\x64\release\dietapp.tlog\link.8716-rc.write.1.tlog
c:\users\olegg\source\repos\dietapp\dietapp\x64\release\dietapp.tlog\link.8716.read.1.tlog
c:\users\olegg\source\repos\dietapp\dietapp\x64\release\dietapp.tlog\link.8716.write.1.tlog
c:\users\olegg\source\repos\dietapp\dietapp\x64\release\dietapp.tlog\link.command.1.tlog
c:\users\olegg\source\repos\dietapp\dietapp\x64\release\dietapp.tlog\link.read.1.tlog
c:\users\olegg\source\repos\dietapp\dietapp\x64\release\dietapp.tlog\link.write.1.tlog
c:\users\olegg\source\repos\dietapp\dietapp\x64\release\dietapp.tlog\metagen.read.1.tlog
c:\users\olegg\source\repos\dietapp\dietapp\x64\release\dietapp.tlog\metagen.write.1.tlog
